TN:
SF:/Users/ilyaivanov/School21/C2_s21_stringplus-1/src/functions/s21_compare.c
FN:16,27,s21_strncmp
FN:3,13,s21_memcmp
FNDA:300,s21_strncmp
FNDA:300,s21_memcmp
FNF:2
FNH:2
DA:3,300
DA:4,300
DA:5,300
DA:6,300
DA:7,7074
DA:8,6986
DA:9,212
DA:10,212
DA:12,6774
DA:13,300
DA:16,300
DA:17,300
DA:18,300
DA:19,300
DA:20,396
DA:22,390
DA:23,294
DA:24,294
DA:26,96
DA:27,300
LF:20
LH:20
end_of_record
TN:
SF:/Users/ilyaivanov/School21/C2_s21_stringplus-1/src/functions/s21_copy.c
FN:13,18,s21_memset
FN:21,27,s21_strncpy
FN:3,11,s21_memcpy
FNDA:300,s21_memset
FNDA:300,s21_strncpy
FNDA:300,s21_memcpy
FNF:3
FNH:3
DA:3,300
DA:4,300
DA:5,300
DA:6,300
DA:7,14628
DA:8,14328
DA:9,14328
DA:10,300
DA:11,300
DA:13,300
DA:14,300
DA:15,11886
DA:16,11586
DA:17,11586
DA:18,300
DA:21,300
DA:22,300
DA:23,10614
DA:24,10314
DA:25,10314
DA:26,300
DA:27,300
LF:22
LH:22
end_of_record
TN:
SF:/Users/ilyaivanov/School21/C2_s21_stringplus-1/src/functions/s21_count.c
FN:4,5,s21_strlen
FN:8,14,s21_strcspn
FNDA:7563998,s21_strlen
FNDA:300,s21_strcspn
FNF:2
FNH:2
DA:4,7563998
DA:5,7563998
DA:8,300
DA:11,2826
DA:12,2800
DA:13,2526
DA:14,300
LF:7
LH:7
end_of_record
TN:
SF:/Users/ilyaivanov/School21/C2_s21_stringplus-1/src/functions/s21_errno.h
FN:1223,1225,s21_get_error_messages
FN:1233,1235,s21_get_num_errors
FNDA:1198,s21_get_error_messages
FNDA:1198,s21_get_num_errors
FNF:2
FNH:2
DA:1223,1198
DA:1225,1198
DA:1233,1198
DA:1235,1198
LF:4
LH:4
end_of_record
TN:
SF:/Users/ilyaivanov/School21/C2_s21_stringplus-1/src/functions/s21_helpful.c
FN:18,52,s21_strtok
FN:54,70,s21_strncat
FN:7,15,s21_strerror
FNDA:376,s21_strtok
FNDA:300,s21_strncat
FNDA:1198,s21_strerror
FNF:3
FNH:3
DA:7,1198
DA:8,1198
DA:9,1198
DA:10,1198
DA:11,719998
DA:12,718800
DA:13,718800
DA:14,1198
DA:15,1198
DA:18,376
DA:19,406
DA:20,30
DA:21,16
DA:25,360
DA:26,306
DA:27,306
DA:29,360
DA:30,20
DA:33,502
DA:34,162
DA:37,340
DA:38,6
DA:41,334
DA:43,8220
DA:44,7886
DA:47,334
DA:48,264
DA:49,264
DA:50,264
DA:51,334
DA:52,376
DA:54,300
DA:55,300
DA:57,4938
DA:58,4638
DA:61,3238
DA:62,2938
DA:63,2938
DA:64,2938
DA:65,2938
DA:68,300
DA:70,300
LF:42
LH:42
end_of_record
TN:
SF:/Users/ilyaivanov/School21/C2_s21_stringplus-1/src/functions/s21_search.c
FN:15,23,s21_strchr
FN:26,39,s21_strpbrk
FN:3,12,s21_memchr
FN:42,47,s21_strrchr
FN:50,64,s21_strstr
FNDA:3100,s21_strchr
FNDA:300,s21_strpbrk
FNDA:300,s21_memchr
FNDA:300,s21_strrchr
FNDA:300,s21_strstr
FNF:5
FNH:5
DA:3,300
DA:4,300
DA:5,300
DA:6,6563
DA:7,6338
DA:8,75
DA:9,75
DA:12,300
DA:15,3100
DA:16,3100
DA:17,45172
DA:18,42486
DA:19,414
DA:20,414
DA:23,3100
DA:26,300
DA:27,300
DA:28,8152
DA:29,8134
DA:30,15770
DA:31,7918
DA:32,282
DA:33,282
DA:34,282
DA:36,8134
DA:37,7852
DA:39,300
DA:42,300
DA:43,300
DA:44,22010
DA:45,21710
DA:47,300
DA:50,300
DA:51,300
DA:52,20642
DA:53,20368
DA:54,20704
DA:55,20678
DA:56,20342
DA:57,20342
DA:59,20368
DA:60,26
DA:61,26
DA:63,20342
DA:64,300
LF:45
LH:45
end_of_record
